1133667763 [error] [client 216.127.124.16] Directory index forbidden by rule: /var/www/html/
1133674352 [error] [client 65.68.235.27] Directory index forbidden by rule: /var/www/html/
1133680716 [error] [client 67.154.58.130] Directory index forbidden by rule: /var/www/html/
1133683141 [error] [client 24.83.37.136] Directory index forbidden by rule: /var/www/html/
1133684643 [notice] jk2_init() Found child 1219 in scoreboard slot 6
1133684646 [notice] workerEnv.init() ok /etc/httpd/conf/workers2.properties
1133685067 [notice] jk2_init() Found child 1248 in scoreboard slot 7
1133685176 [error] mod_jk child workerEnv in error state 6
1133685176 [notice] workerEnv.init() ok /etc/httpd/conf/workers2.properties
1133685178 [error] mod_jk child workerEnv in error state 6
1133685178 [error] mod_jk child workerEnv in error state 7
1133685178 [notice] jk2_init() Found child 1254 in scoreboard slot 7
1133685178 [notice] jk2_init() Found child 1256 in scoreboard slot 6
1133685178 [notice] workerEnv.init() ok /etc/httpd/conf/workers2.properties
1133685178 [notice] workerEnv.init() ok /etc/httpd/conf/workers2.properties
1133685349 [notice] jk2_init() Found child 1262 in scoreboard slot 9
1133685352 [notice] workerEnv.init() ok /etc/httpd/conf/workers2.properties
1133685675 [notice] jk2_init() Found child 1275 in scoreboard slot 6
1133685682 [error] mod_jk child workerEnv in error state 6
1133685682 [error] mod_jk child workerEnv in error state 6
1133685682 [notice] jk2_init() Found child 1277 in scoreboard slot 7
1133685682 [notice] workerEnv.init() ok /etc/httpd/conf/workers2.properties
1133685682 [notice] workerEnv.init() ok /etc/httpd/conf/workers2.properties
1133685682 [notice] workerEnv.init() ok /etc/httpd/conf/workers2.properties
1133685682 [notice] workerEnv.init() ok /etc/httpd/conf/workers2.properties
1133685952 [notice] jk2_init() Found child 1284 in scoreboard slot 9
1133685969 [notice] workerEnv.init() ok /etc/httpd/conf/workers2.properties
1133686005 [notice] jk2_init() Found child 1288 in scoreboard slot 9
1133686079 [notice] jk2_init() Found child 1297 in scoreboard slot 7
1133686079 [notice] jk2_init() Found child 1298 in scoreboard slot 8
1133686079 [notice] jk2_init() Found child 1299 in scoreboard slot 9
1133686079 [notice] jk2_init() Found child 1300 in scoreboard slot 10
1133686081 [error] mod_jk child workerEnv in error state 6
1133686081 [error] mod_jk child workerEnv in error state 7
1133686081 [notice] workerEnv.init() ok /etc/httpd/conf/workers2.properties
1133686081 [notice] workerEnv.init() ok /etc/httpd/conf/workers2.properties
1133686081 [notice] workerEnv.init() ok /etc/httpd/conf/workers2.properties
1133686081 [notice] workerEnv.init() ok /etc/httpd/conf/workers2.properties
1133686253 [notice] jk2_init() Found child 1308 in scoreboard slot 6
1133686286 [notice] jk2_init() Found child 1313 in scoreboard slot 6
1133686354 [notice] jk2_init() Found child 1320 in scoreboard slot 8
1133686365 [notice] jk2_init() Found child 1321 in scoreboard slot 9
1133686365 [notice] jk2_init() Found child 1322 in scoreboard slot 10
1133686365 [notice] jk2_init() Found child 1323 in scoreboard slot 6
1133686366 [notice] jk2_init() Found child 1324 in scoreboard slot 7
1133686369 [error] mod_jk child workerEnv in error state 6
1133686369 [error] mod_jk child workerEnv in error state 6
1133686369 [error] mod_jk child workerEnv in error state 7
1133686369 [notice] workerEnv.init() ok /etc/httpd/conf/workers2.properties
1133686369 [notice] workerEnv.init() ok /etc/httpd/conf/workers2.properties
1133686585 [notice] jk2_init() Found child 1334 in scoreboard slot 8
1133686585 [notice] jk2_init() Found child 1337 in scoreboard slot 6
1133686585 [notice] jk2_init() Found child 1338 in scoreboard slot 7
1133686587 [error] mod_jk child workerEnv in error state 6
1133686587 [error] mod_jk child workerEnv in error state 6
1133686587 [error] mod_jk child workerEnv in error state 7
1133686587 [notice] workerEnv.init() ok /etc/httpd/conf/workers2.properties
1133686587 [notice] workerEnv.init() ok /etc/httpd/conf/workers2.properties
1133686587 [notice] workerEnv.init() ok /etc/httpd/conf/workers2.properties
1133686587 [notice] workerEnv.init() ok /etc/httpd/conf/workers2.properties
1133686903 [notice] jk2_init() Found child 1354 in scoreboard slot 9
1133686903 [notice] jk2_init() Found child 1357 in scoreboard slot 7
1133686903 [notice] jk2_init() Found child 1358 in scoreboard slot 8
1133686907 [error] mod_jk child workerEnv in error state 6
1133686907 [error] mod_jk child workerEnv in error state 6
1133686907 [error] mod_jk child workerEnv in error state 6
1133686907 [error] mod_jk child workerEnv in error state 6
1133686907 [notice] workerEnv.init() ok /etc/httpd/conf/workers2.properties
1133686907 [notice] workerEnv.init() ok /etc/httpd/conf/workers2.properties
1133686907 [notice] workerEnv.init() ok /etc/httpd/conf/workers2.properties
1133687145 [notice] jk2_init() Found child 1375 in scoreboard slot 9
1133687145 [notice] jk2_init() Found child 1376 in scoreboard slot 10
1133687145 [notice] jk2_init() Found child 1377 in scoreboard slot 6
1133687148 [error] mod_jk child workerEnv in error state 6
1133687148 [notice] workerEnv.init() ok /etc/httpd/conf/workers2.properties
1133687148 [notice] workerEnv.init() ok /etc/httpd/conf/workers2.properties
1133687148 [notice] workerEnv.init() ok /etc/httpd/conf/workers2.properties
1133687483 [notice] jk2_init() Found child 1387 in scoreboard slot 7
1133687497 [notice] jk2_init() Found child 1388 in scoreboard slot 8
1133687497 [notice] jk2_init() Found child 1389 in scoreboard slot 9
1133687497 [notice] jk2_init() Found child 1390 in scoreboard slot 10
1133687562 [notice] jk2_init() Found child 1393 in scoreboard slot 8
1133687570 [notice] jk2_init() Found child 1394 in scoreboard slot 9
1133687570 [notice] jk2_init() Found child 1395 in scoreboard slot 10
1133687570 [notice] jk2_init() Found child 1396 in scoreboard slot 6
1133687574 [notice] workerEnv.init() ok /etc/httpd/conf/workers2.properties
1133687574 [notice] workerEnv.init() ok /etc/httpd/conf/workers2.properties
1133687574 [notice] workerEnv.init() ok /etc/httpd/conf/workers2.properties
1133687574 [notice] workerEnv.init() ok /etc/httpd/conf/workers2.properties
1133687577 [error] mod_jk child workerEnv in error state 7
1133687577 [notice] workerEnv.init() ok /etc/httpd/conf/workers2.properties
1133687827 [notice] jk2_init() Found child 1412 in scoreboard slot 10
1133688038 [notice] jk2_init() Found child 1439 in scoreboard slot 7
1133688038 [notice] jk2_init() Found child 1441 in scoreboard slot 9
1133688038 [notice] jk2_init() Found child 1448 in scoreboard slot 6
1133688038 [notice] jk2_init() Found child 1450 in scoreboard slot 11
1133688044 [notice] workerEnv.init() ok /etc/httpd/conf/workers2.properties
1133688044 [notice] workerEnv.init() ok /etc/httpd/conf/workers2.properties
1133688044 [notice] workerEnv.init() ok /etc/httpd/conf/workers2.properties
1133688046 [error] mod_jk child workerEnv in error state 6
1133688046 [error] mod_jk child workerEnv in error state 7
1133688061 [notice] jk2_init() Found child 1452 in scoreboard slot 7
1133688064 [notice] workerEnv.init() ok /etc/httpd/conf/workers2.properties
1133688399 [notice] jk2_init() Found child 1462 in scoreboard slot 6
1133688433 [notice] jk2_init() Found child 1466 in scoreboard slot 8
1133688522 [notice] jk2_init() Found child 1477 in scoreboard slot 6
1133688660 [notice] jk2_init() Found child 1499 in scoreboard slot 11
1133688660 [notice] jk2_init() Found child 1501 in scoreboard slot 7
1133688671 [notice] workerEnv.init() ok /etc/httpd/conf/workers2.properties
1133688672 [error] mod_jk child workerEnv in error state 6
1133688672 [error] mod_jk child workerEnv in error state 6
1133688705 [error] mod_jk child workerEnv in error state 6
1133688705 [error] mod_jk child workerEnv in error state 6
1133688705 [notice] workerEnv.init() ok /etc/httpd/conf/workers2.properties
1133688705 [notice] workerEnv.init() ok /etc/httpd/conf/workers2.properties
1133688892 [notice] jk2_init() Found child 1507 in scoreboard slot 10
1133688897 [error] mod_jk child workerEnv in error state 6
1133688897 [notice] workerEnv.init() ok /etc/httpd/conf/workers2.properties
1133688974 [notice] jk2_init() Found child 1513 in scoreboard slot 6
1133689028 [notice] jk2_init() Found child 1517 in scoreboard slot 7
1133689028 [notice] jk2_init() Found child 1518 in scoreboard slot 6
1133689067 [notice] jk2_init() Found child 1520 in scoreboard slot 8
1133689140 [notice] jk2_init() Found child 1527 in scoreboard slot 6
1133689140 [notice] jk2_init() Found child 1528 in scoreboard slot 7
1133689141 [notice] jk2_init() Found child 1530 in scoreboard slot 8
1133689388 [error] jk2_init() Can't find child 1567 in scoreboard
1133689388 [notice] jk2_init() Found child 1561 in scoreboard slot 6
1133689388 [notice] jk2_init() Found child 1562 in scoreboard slot 7
1133689388 [notice] jk2_init() Found child 1565 in scoreboard slot 9
1133689388 [notice] jk2_init() Found child 1568 in scoreboard slot 13
1133689392 [error] mod_jk child init 1 -2
1133689392 [error] mod_jk child workerEnv in error state 9
1133689392 [error] mod_jk child workerEnv in error state 9
1133689392 [notice] workerEnv.init() ok /etc/httpd/conf/workers2.properties
1133689392 [notice] workerEnv.init() ok /etc/httpd/conf/workers2.properties
1133689392 [notice] workerEnv.init() ok /etc/httpd/conf/workers2.properties
1133689392 [notice] workerEnv.init() ok /etc/httpd/conf/workers2.properties
1133689392 [notice] workerEnv.init() ok /etc/httpd/conf/workers2.properties
1133689392 [notice] workerEnv.init() ok /etc/httpd/conf/workers2.properties
1133691862 [error] [client 125.30.38.52] Directory index forbidden by rule: /var/www/html/
1133695551 [notice] jk2_init() Found child 1763 in scoreboard slot 6
1133695553 [error] mod_jk child workerEnv in error state 6
1133695553 [notice] workerEnv.init() ok /etc/httpd/conf/workers2.properties
1133695940 [notice] jk2_init() Found child 1786 in scoreboard slot 8
1133695952 [notice] workerEnv.init() ok /etc/httpd/conf/workers2.properties
1133695953 [error] mod_jk child workerEnv in error state 6
1133695954 [error] mod_jk child workerEnv in error state 6
1133695954 [error] mod_jk child workerEnv in error state 6
1133695954 [error] mod_jk child workerEnv in error state 7
1133695954 [notice] jk2_init() Found child 1788 in scoreboard slot 6
1133695954 [notice] jk2_init() Found child 1789 in scoreboard slot 7
1133695954 [notice] jk2_init() Found child 1790 in scoreboard slot 8
1133695954 [notice] workerEnv.init() ok /etc/httpd/conf/workers2.properties
1133695954 [notice] workerEnv.init() ok /etc/httpd/conf/workers2.properties
1133696158 [notice] jk2_init() Found child 1797 in scoreboard slot 9
1133696158 [notice] jk2_init() Found child 1799 in scoreboard slot 7
1133696158 [notice] jk2_init() Found child 1800 in scoreboard slot 10
1133696165 [error] [client 61.37.222.240] Directory index forbidden by rule: /var/www/html/
1133696167 [error] mod_jk child workerEnv in error state 6
1133696167 [error] mod_jk child workerEnv in error state 6
1133696167 [error] mod_jk child workerEnv in error state 6
1133696167 [error] mod_jk child workerEnv in error state 6
1133696167 [notice] workerEnv.init() ok /etc/httpd/conf/workers2.properties
1133696167 [notice] workerEnv.init() ok /etc/httpd/conf/workers2.properties
1133696167 [notice] workerEnv.init() ok /etc/httpd/conf/workers2.properties
1133696167 [notice] workerEnv.init() ok /etc/httpd/conf/workers2.properties
1133696480 [notice] jk2_init() Found child 1814 in scoreboard slot 7
1133696480 [notice] jk2_init() Found child 1815 in scoreboard slot 8
1133696480 [notice] jk2_init() Found child 1816 in scoreboard slot 9
1133696481 [notice] workerEnv.init() ok /etc/httpd/conf/workers2.properties
1133696481 [notice] workerEnv.init() ok /etc/httpd/conf/workers2.properties
1133696764 [notice] jk2_init() Found child 1821 in scoreboard slot 6
1133696773 [error] mod_jk child workerEnv in error state 6
1133696773 [error] mod_jk child workerEnv in error state 6
1133696773 [notice] workerEnv.init() ok /etc/httpd/conf/workers2.properties
1133696773 [notice] workerEnv.init() ok /etc/httpd/conf/workers2.properties
1133696776 [notice] jk2_init() Found child 1823 in scoreboard slot 8
1133696779 [notice] jk2_init() Found child 1824 in scoreboard slot 9
1133696780 [error] mod_jk child workerEnv in error state 6
1133696780 [error] mod_jk child workerEnv in error state 6
1133696780 [notice] workerEnv.init() ok /etc/httpd/conf/workers2.properties
1133697039 [notice] jk2_init() Found child 1832 in scoreboard slot 6
1133697039 [notice] jk2_init() Found child 1833 in scoreboard slot 7
1133697055 [error] mod_jk child workerEnv in error state 6
1133697076 [notice] workerEnv.init() ok /etc/httpd/conf/workers2.properties
1133697078 [error] mod_jk child workerEnv in error state 6
1133697112 [notice] jk2_init() Found child 1836 in scoreboard slot 6
1133697112 [notice] jk2_init() Found child 1837 in scoreboard slot 7
1133697114 [error] mod_jk child workerEnv in error state 6
1133697114 [error] mod_jk child workerEnv in error state 6
1133697114 [notice] workerEnv.init() ok /etc/httpd/conf/workers2.properties
1133697114 [notice] workerEnv.init() ok /etc/httpd/conf/workers2.properties
1133697411 [notice] jk2_init() Found child 1850 in scoreboard slot 8
1133697411 [notice] jk2_init() Found child 1851 in scoreboard slot 6
1133697411 [notice] jk2_init() Found child 1852 in scoreboard slot 9
1133697411 [notice] jk2_init() Found child 1853 in scoreboard slot 7
1133697413 [error] mod_jk child workerEnv in error state 6
1133697413 [error] mod_jk child workerEnv in error state 6
1133697413 [error] mod_jk child workerEnv in error state 6
1133697413 [error] mod_jk child workerEnv in error state 6
1133697413 [notice] workerEnv.init() ok /etc/httpd/conf/workers2.properties
1133697660 [notice] jk2_init() Found child 1861 in scoreboard slot 8
1133697660 [notice] jk2_init() Found child 1862 in scoreboard slot 6
1133697690 [notice] jk2_init() Found child 1863 in scoreboard slot 9
1133697690 [notice] jk2_init() Found child 1864 in scoreboard slot 7
1133697690 [notice] jk2_init() Found child 1867 in scoreboard slot 8
1133697690 [notice] jk2_init() Found child 1868 in scoreboard slot 6
1133697697 [error] mod_jk child workerEnv in error state 6
1133697697 [error] mod_jk child workerEnv in error state 6
1133697697 [error] mod_jk child workerEnv in error state 6
1133697697 [error] mod_jk child workerEnv in error state 7
1133697697 [notice] workerEnv.init() ok /etc/httpd/conf/workers2.properties
1133697697 [notice] workerEnv.init() ok /etc/httpd/conf/workers2.properties
1133697697 [notice] workerEnv.init() ok /etc/httpd/conf/workers2.properties
1133697955 [notice] jk2_init() Found child 1885 in scoreboard slot 9
1133697955 [notice] jk2_init() Found child 1886 in scoreboard slot 7
1133697955 [notice] jk2_init() Found child 1887 in scoreboard slot 8
1133697955 [notice] jk2_init() Found child 1888 in scoreboard slot 6
1133697958 [notice] workerEnv.init() ok /etc/httpd/conf/workers2.properties
1133697959 [error] mod_jk child workerEnv in error state 6
1133697959 [error] mod_jk child workerEnv in error state 6
1133697959 [notice] workerEnv.init() ok /etc/httpd/conf/workers2.properties
1133697959 [notice] workerEnv.init() ok /etc/httpd/conf/workers2.properties
1133698269 [notice] jk2_init() Found child 1898 in scoreboard slot 9
1133698269 [notice] jk2_init() Found child 1899 in scoreboard slot 7
1133698269 [notice] jk2_init() Found child 1900 in scoreboard slot 8
1133698274 [error] mod_jk child workerEnv in error state 6
1133698274 [error] mod_jk child workerEnv in error state 6
1133698274 [error] mod_jk child workerEnv in error state 6
1133698274 [error] mod_jk child workerEnv in error state 6
1133698274 [notice] workerEnv.init() ok /etc/httpd/conf/workers2.properties
1133698274 [notice] workerEnv.init() ok /etc/httpd/conf/workers2.properties
1133698570 [notice] jk2_init() Found child 1914 in scoreboard slot 8
1133698575 [error] mod_jk child workerEnv in error state 6
1133698575 [error] mod_jk child workerEnv in error state 6
1133698575 [error] mod_jk child workerEnv in error state 6
1133698575 [notice] workerEnv.init() ok /etc/httpd/conf/workers2.properties
1133698575 [notice] workerEnv.init() ok /etc/httpd/conf/workers2.properties
1133698575 [notice] workerEnv.init() ok /etc/httpd/conf/workers2.properties
1133698857 [notice] jk2_init() Found child 1931 in scoreboard slot 7
1133698869 [notice] jk2_init() Found child 1932 in scoreboard slot 8
1133698881 [notice] workerEnv.init() ok /etc/httpd/conf/workers2.properties
1133698891 [notice] workerEnv.init() ok /etc/httpd/conf/workers2.properties
1133698891 [notice] workerEnv.init() ok /etc/httpd/conf/workers2.properties
1133698896 [error] mod_jk child workerEnv in error state 6
1133698929 [notice] workerEnv.init() ok /etc/httpd/conf/workers2.properties
1133698932 [notice] jk2_init() Found child 1935 in scoreboard slot 7
1133698932 [notice] jk2_init() Found child 1936 in scoreboard slot 8
1133698969 [notice] workerEnv.init() ok /etc/httpd/conf/workers2.properties
1133698972 [error] mod_jk child workerEnv in error state 7
1133699085 [notice] jk2_init() Found child 1949 in scoreboard slot 6
1133699085 [notice] jk2_init() Found child 1950 in scoreboard slot 9
1133699085 [notice] jk2_init() Found child 1951 in scoreboard slot 7
1133699089 [error] mod_jk child workerEnv in error state 6
1133699089 [error] mod_jk child workerEnv in error state 8
1133699089 [error] mod_jk child workerEnv in error state 8
1133699089 [notice] workerEnv.init() ok /etc/httpd/conf/workers2.properties
1133699089 [notice] workerEnv.init() ok /etc/httpd/conf/workers2.properties
1133699170 [notice] jk2_init() Found child 1957 in scoreboard slot 8
1133699213 [notice] workerEnv.init() ok /etc/httpd/conf/workers2.properties
1133699214 [error] mod_jk child workerEnv in error state 6
1133699218 [notice] jk2_init() Found child 1959 in scoreboard slot 9
1133699263 [notice] jk2_init() Found child 1961 in scoreboard slot 8
1133699280 [notice] jk2_init() Found child 1963 in scoreboard slot 9
1133699306 [notice] jk2_init() Found child 1964 in scoreboard slot 7
1133699319 [notice] jk2_init() Found child 1965 in scoreboard slot 8
1133699319 [notice] jk2_init() Found child 1966 in scoreboard slot 6
1133699374 [notice] jk2_init() Found child 1970 in scoreboard slot 6
1133699459 [notice] jk2_init() Found child 1984 in scoreboard slot 10
1133699557 [notice] jk2_init() Found child 1998 in scoreboard slot 9
1133699557 [notice] jk2_init() Found child 1999 in scoreboard slot 6
1133699557 [notice] jk2_init() Found child 2000 in scoreboard slot 7
1133699570 [notice] workerEnv.init() ok /etc/httpd/conf/workers2.properties
1133699575 [error] mod_jk child workerEnv in error state 10
1133699575 [error] mod_jk child workerEnv in error state 10
1133699575 [error] mod_jk child workerEnv in error state 6
1133699615 [notice] jk2_init() Found child 2001 in scoreboard slot 9
1133699627 [notice] jk2_init() Found child 2004 in scoreboard slot 6
1133699627 [notice] jk2_init() Found child 2005 in scoreboard slot 7
1133699653 [notice] workerEnv.init() ok /etc/httpd/conf/workers2.properties
1133699654 [error] mod_jk child workerEnv in error state 6
1133699660 [notice] jk2_init() Found child 2006 in scoreboard slot 9
1133699665 [error] mod_jk child workerEnv in error state 7
1133699665 [error] mod_jk child workerEnv in error state 9
1133699665 [notice] workerEnv.init() ok /etc/httpd/conf/workers2.properties
1133699665 [notice] workerEnv.init() ok /etc/httpd/conf/workers2.properties
1133699849 [notice] jk2_init() Found child 2028 in scoreboard slot 9
1133699849 [notice] jk2_init() Found child 2029 in scoreboard slot 8
1133699866 [notice] workerEnv.init() ok /etc/httpd/conf/workers2.properties
1133699866 [notice] workerEnv.init() ok /etc/httpd/conf/workers2.properties
1133699869 [error] mod_jk child workerEnv in error state 6
1133699869 [error] mod_jk child workerEnv in error state 6
1133699890 [notice] jk2_init() Found child 2030 in scoreboard slot 6
1133699890 [notice] jk2_init() Found child 2031 in scoreboard slot 7
1133699894 [error] mod_jk child workerEnv in error state 6
1133699894 [error] mod_jk child workerEnv in error state 6
1133699894 [error] mod_jk child workerEnv in error state 7
1133699894 [notice] workerEnv.init() ok /etc/httpd/conf/workers2.properties
1133699894 [notice] workerEnv.init() ok /etc/httpd/conf/workers2.properties
1133700072 [notice] jk2_init() Found child 2042 in scoreboard slot 8
1133700107 [notice] jk2_init() Found child 2045 in scoreboard slot 9
1133700162 [notice] jk2_init() Found child 2051 in scoreboard slot 8
1133700269 [notice] jk2_init() Found child 2059 in scoreboard slot 7
1133700269 [notice] jk2_init() Found child 2060 in scoreboard slot 9[Sun Dec 04 05:04:03 2005] [notice] jk2_init() Found child 8763 in scoreboard slot 9
1133700270 [notice] jk2_init() Found child 2061 in scoreboard slot 8
1133700436 [error] mod_jk child init 1 -2
1133700436 [error] mod_jk child workerEnv in error state 6
1133700436 [error] mod_jk child workerEnv in error state 9
1133700436 [notice] jk2_init() Found child 2083 in scoreboard slot 8
1133700436 [notice] workerEnv.init() ok /etc/httpd/conf/workers2.properties
1133700436 [notice] workerEnv.init() ok /etc/httpd/conf/workers2.properties
1133700436 [notice] workerEnv.init() ok /etc/httpd/conf/workers2.properties
1133700437 [error] jk2_init() Can't find child 2086 in scoreboard
1133700437 [error] jk2_init() Can't find child 2087 in scoreboard
1133700437 [error] mod_jk child init 1 -2
1133700437 [notice] workerEnv.init() ok /etc/httpd/conf/workers2.properties
1133700437 [notice] workerEnv.init() ok /etc/httpd/conf/workers2.properties
1133715871 [error] [client 218.62.18.218] Directory index forbidden by rule: /var/www/html/
1133724060 [notice] jk2_init() Found child 2760 in scoreboard slot 6
1133724062 [notice] workerEnv.init() ok /etc/httpd/conf/workers2.properties
1133724201 [notice] jk2_init() Found child 2763 in scoreboard slot 7
1133724204 [error] [client 218.207.61.7] Directory index forbidden by rule: /var/www/html/
1133724204 [error] mod_jk child workerEnv in error state 6
1133724204 [notice] workerEnv.init() ok /etc/httpd/conf/workers2.properties
1133724344 [notice] jk2_init() Found child 2773 in scoreboard slot 6
1133724346 [notice] workerEnv.init() ok /etc/httpd/conf/workers2.properties
1133725011 [notice] jk2_init() Found child 2812 in scoreboard slot 6
1133725011 [notice] jk2_init() Found child 2815 in scoreboard slot 8
1133725017 [error] mod_jk child workerEnv in error state 6
1133725017 [error] mod_jk child workerEnv in error state 6
1133725017 [error] mod_jk child workerEnv in error state 6
1133725017 [notice] workerEnv.init() ok /etc/httpd/conf/workers2.properties
1133725017 [notice] workerEnv.init() ok /etc/httpd/conf/workers2.properties
1133725255 [error] mod_jk child workerEnv in error state 6
1133725255 [notice] workerEnv.init() ok /etc/httpd/conf/workers2.properties
1133725490 [error] [client 168.20.198.21] Directory index forbidden by rule: /var/www/html/
1133725490 [error] mod_jk child workerEnv in error state 6
1133725490 [notice] workerEnv.init() ok /etc/httpd/conf/workers2.properties
1133725598 [notice] jk2_init() Found child 2836 in scoreboard slot 9
1133725598 [notice] jk2_init() Found child 2838 in scoreboard slot 10
1133725610 [notice] workerEnv.init() ok /etc/httpd/conf/workers2.properties
1133725622 [notice] workerEnv.init() ok /etc/httpd/conf/workers2.properties
1133725639 [notice] jk2_init() Found child 2841 in scoreboard slot 6
1133725673 [notice] jk2_init() Found child 2844 in scoreboard slot 8
1133725673 [notice] jk2_init() Found child 2845 in scoreboard slot 6
1133725674 [error] mod_jk child workerEnv in error state 6
1133725674 [error] mod_jk child workerEnv in error state 7
1133725674 [error] mod_jk child workerEnv in error state 8
1133725674 [error] mod_jk child workerEnv in error state 8
1133725674 [notice] workerEnv.init() ok /etc/httpd/conf/workers2.properties
1133725674 [notice] workerEnv.init() ok /etc/httpd/conf/workers2.properties
1133725674 [notice] workerEnv.init() ok /etc/httpd/conf/workers2.properties
1133725849 [notice] jk2_init() Found child 2855 in scoreboard slot 8
1133725849 [notice] jk2_init() Found child 2856 in scoreboard slot 6
1133725859 [error] mod_jk child workerEnv in error state 6
1133725859 [error] mod_jk child workerEnv in error state 6
1133725859 [notice] workerEnv.init() ok /etc/httpd/conf/workers2.properties
1133726172 [notice] jk2_init() Found child 2865 in scoreboard slot 9
1133726172 [notice] jk2_init() Found child 2866 in scoreboard slot 7
1133726172 [notice] jk2_init() Found child 2867 in scoreboard slot 8
1133726175 [error] mod_jk child workerEnv in error state 6
1133726175 [error] mod_jk child workerEnv in error state 6
1133726175 [notice] workerEnv.init() ok /etc/httpd/conf/workers2.properties
1133726175 [notice] workerEnv.init() ok /etc/httpd/conf/workers2.properties
1133726175 [notice] workerEnv.init() ok /etc/httpd/conf/workers2.properties
1133726175 [notice] workerEnv.init() ok /etc/httpd/conf/workers2.properties
1133726478 [notice] jk2_init() Found child 2880 in scoreboard slot 8
1133726478 [notice] jk2_init() Found child 2883 in scoreboard slot 9
1133726483 [error] mod_jk child workerEnv in error state 6
1133726483 [error] mod_jk child workerEnv in error state 6
1133726483 [error] mod_jk child workerEnv in error state 6
1133726483 [notice] workerEnv.init() ok /etc/httpd/conf/workers2.properties
1133726483 [notice] workerEnv.init() ok /etc/httpd/conf/workers2.properties
1133726483 [notice] workerEnv.init() ok /etc/httpd/conf/workers2.properties
1133726483 [notice] workerEnv.init() ok /etc/httpd/conf/workers2.properties
1133726779 [notice] jk2_init() Found child 3667 in scoreboard slot 7
1133726779 [notice] jk2_init() Found child 3669 in scoreboard slot 6
1133726787 [notice] jk2_init() Found child 3670 in scoreboard slot 8
1133726805 [error] mod_jk child workerEnv in error state 6
1133726805 [error] mod_jk child workerEnv in error state 6
1133726843 [notice] jk2_init() Found child 3672 in scoreboard slot 7
1133726868 [notice] jk2_init() Found child 3675 in scoreboard slot 9
1133726917 [notice] jk2_init() Found child 3679 in scoreboard slot 9
1133726917 [notice] jk2_init() Found child 3680 in scoreboard slot 7
1133726937 [notice] workerEnv.init() ok /etc/httpd/conf/workers2.properties
1133726972 [notice] jk2_init() Found child 3685 in scoreboard slot 6
1133727047 [notice] jk2_init() Found child 3690 in scoreboard slot 6
1133727047 [notice] jk2_init() Found child 3691 in scoreboard slot 8
1133727047 [notice] jk2_init() Found child 3698 in scoreboard slot 9
1133727234 [notice] jk2_init() Found child 3744 in scoreboard slot 6
1133727234 [notice] jk2_init() Found child 3747 in scoreboard slot 8
1133727234 [notice] jk2_init() Found child 3753 in scoreboard slot 10
1133727234 [notice] jk2_init() Found child 3754 in scoreboard slot 12
1133727234 [notice] jk2_init() Found child 3755 in scoreboard slot 13
1133727240 [error] mod_jk child workerEnv in error state 10
1133727240 [error] mod_jk child workerEnv in error state 6
1133727240 [error] mod_jk child workerEnv in error state 6
1133727240 [error] mod_jk child workerEnv in error state 8
1133727240 [error] mod_jk child workerEnv in error state 9
1133727240 [notice] workerEnv.init() ok /etc/httpd/conf/workers2.properties
1133727240 [notice] workerEnv.init() ok /etc/httpd/conf/workers2.properties
1133727240 [notice] workerEnv.init() ok /etc/httpd/conf/workers2.properties
1133727240 [notice] workerEnv.init() ok /etc/httpd/conf/workers2.properties
1133727240 [notice] workerEnv.init() ok /etc/httpd/conf/workers2.properties
1133727240 [notice] workerEnv.init() ok /etc/httpd/conf/workers2.properties
1133730402 [notice] jk2_init() Found child 4594 in scoreboard slot 6
1133730402 [notice] jk2_init() Found child 4595 in scoreboard slot 7
1133730402 [notice] jk2_init() Found child 4596 in scoreboard slot 8
1133730407 [error] mod_jk child workerEnv in error state 6
1133730407 [error] mod_jk child workerEnv in error state 6
1133730407 [error] mod_jk child workerEnv in error state 6
1133730407 [notice] workerEnv.init() ok /etc/httpd/conf/workers2.properties
1133730407 [notice] workerEnv.init() ok /etc/httpd/conf/workers2.properties
1133730664 [notice] jk2_init() Found child 4608 in scoreboard slot 6
1133730664 [notice] jk2_init() Found child 4609 in scoreboard slot 7
1133730694 [notice] jk2_init() Found child 4611 in scoreboard slot 9
1133730714 [notice] jk2_init() Found child 4612 in scoreboard slot 6
1133730714 [notice] jk2_init() Found child 4613 in scoreboard slot 7
1133730752 [notice] jk2_init() Found child 4615 in scoreboard slot 9
1133730776 [notice] jk2_init() Found child 4616 in scoreboard slot 6
1133730776 [notice] jk2_init() Found child 4618 in scoreboard slot 8
1133730929 [notice] jk2_init() Found child 4630 in scoreboard slot 8
1133730929 [notice] jk2_init() Found child 4631 in scoreboard slot 9
1133730933 [error] mod_jk child workerEnv in error state 9
1133730933 [notice] workerEnv.init() ok /etc/httpd/conf/workers2.properties
1133730933 [notice] workerEnv.init() ok /etc/httpd/conf/workers2.properties
1133730933 [notice] workerEnv.init() ok /etc/httpd/conf/workers2.properties
1133735727 [error] mod_jk child workerEnv in error state 6
1133735727 [notice] workerEnv.init() ok /etc/httpd/conf/workers2.properties
1133735818 [error] mod_jk child workerEnv in error state 6
1133735818 [notice] jk2_init() Found child 4821 in scoreboard slot 10
1133738160 [notice] jk2_init() Found child 4892 in scoreboard slot 6
1133738160 [notice] jk2_init() Found child 4893 in scoreboard slot 7
1133738163 [error] mod_jk child workerEnv in error state 6
1133738163 [notice] workerEnv.init() ok /etc/httpd/conf/workers2.properties
1133738163 [notice] workerEnv.init() ok /etc/httpd/conf/workers2.properties
1133738462 [notice] jk2_init() Found child 4905 in scoreboard slot 8
1133738469 [error] mod_jk child workerEnv in error state 6
1133738469 [error] mod_jk child workerEnv in error state 6
1133738469 [error] mod_jk child workerEnv in error state 6
1133738469 [notice] workerEnv.init() ok /etc/httpd/conf/workers2.properties
1133738469 [notice] workerEnv.init() ok /etc/httpd/conf/workers2.properties
1133738755 [notice] jk2_init() Found child 4915 in scoreboard slot 7
1133738759 [notice] workerEnv.init() ok /etc/httpd/conf/workers2.properties
1133738759 [notice] workerEnv.init() ok /etc/httpd/conf/workers2.properties
1133738760 [error] mod_jk child workerEnv in error state 6
1133739082 [notice] jk2_init() Found child 4932 in scoreboard slot 6
1133739123 [notice] jk2_init() Found child 4935 in scoreboard slot 9
1133739123 [notice] jk2_init() Found child 4936 in scoreboard slot 6
1133739123 [notice] jk2_init() Found child 4938 in scoreboard slot 8
1133739126 [notice] workerEnv.init() ok /etc/httpd/conf/workers2.properties
1133739126 [notice] workerEnv.init() ok /etc/httpd/conf/workers2.properties
1133739126 [notice] workerEnv.init() ok /etc/httpd/conf/workers2.properties
1133739126 [notice] workerEnv.init() ok /etc/httpd/conf/workers2.properties
1133739379 [notice] jk2_init() Found child 4950 in scoreboard slot 7
1133739467 [notice] jk2_init() Found child 4961 in scoreboard slot 6
1133739468 [notice] jk2_init() Found child 4962 in scoreboard slot 7
1133739478 [error] mod_jk child workerEnv in error state 6
1133739478 [error] mod_jk child workerEnv in error state 6
1133739478 [error] mod_jk child workerEnv in error state 6
1133739478 [notice] workerEnv.init() ok /etc/httpd/conf/workers2.properties
1133739478 [notice] workerEnv.init() ok /etc/httpd/conf/workers2.properties
1133739695 [notice] jk2_init() Found child 4975 in scoreboard slot 6
1133739787 [notice] jk2_init() Found child 4983 in scoreboard slot 6
1133739787 [notice] jk2_init() Found child 4984 in scoreboard slot 7
1133739788 [notice] jk2_init() Found child 4985 in scoreboard slot 10
1133739795 [notice] workerEnv.init() ok /etc/httpd/conf/workers2.properties
1133739795 [notice] workerEnv.init() ok /etc/httpd/conf/workers2.properties
1133739796 [error] mod_jk child workerEnv in error state 6
1133739796 [error] mod_jk child workerEnv in error state 7
1133739796 [error] mod_jk child workerEnv in error state 7
1133739799 [error] mod_jk child workerEnv in error state 7
1133739799 [notice] jk2_init() Found child 4986 in scoreboard slot 8
1133739799 [notice] workerEnv.init() ok /etc/httpd/conf/workers2.properties
1133739961 [notice] jk2_init() Found child 4991 in scoreboard slot 6
1133739961 [notice] jk2_init() Found child 4992 in scoreboard slot 7
1133740006 [notice] jk2_init() Found child 4995 in scoreboard slot 6
1133740006 [notice] jk2_init() Found child 4996 in scoreboard slot 7
1133740041 [notice] jk2_init() Found child 5001 in scoreboard slot 9
1133740041 [notice] workerEnv.init() ok /etc/httpd/conf/workers2.properties
1133740041 [notice] workerEnv.init() ok /etc/httpd/conf/workers2.properties
1133740056 [notice] workerEnv.init() ok /etc/httpd/conf/workers2.properties
1133740060 [error] mod_jk child workerEnv in error state 7
1133740060 [error] mod_jk child workerEnv in error state 8
1133740084 [notice] jk2_init() Found child 5002 in scoreboard slot 8
1133740084 [notice] jk2_init() Found child 5003 in scoreboard slot 6
1133740126 [notice] jk2_init() Found child 5005 in scoreboard slot 9
1133740126 [notice] jk2_init() Found child 5006 in scoreboard slot 8
1133740135 [error] mod_jk child workerEnv in error state 6
1133740135 [notice] workerEnv.init() ok /etc/httpd/conf/workers2.properties
1133740135 [notice] workerEnv.init() ok /etc/httpd/conf/workers2.properties
1133740136 [error] mod_jk child workerEnv in error state 6
1133740136 [error] mod_jk child workerEnv in error state 7
1133740136 [notice] jk2_init() Found child 5007 in scoreboard slot 6
1133740136 [notice] workerEnv.init() ok /etc/httpd/conf/workers2.properties
1133740136 [notice] workerEnv.init() ok /etc/httpd/conf/workers2.properties
1133740254 [notice] jk2_init() Found child 5017 in scoreboard slot 8
1133740299 [notice] jk2_init() Found child 5019 in scoreboard slot 7
1133740299 [notice] jk2_init() Found child 5020 in scoreboard slot 9
1133740316 [notice] workerEnv.init() ok /etc/httpd/conf/workers2.properties
1133740322 [error] mod_jk child workerEnv in error state 7
1133740349 [notice] jk2_init() Found child 5022 in scoreboard slot 6
1133740376 [notice] jk2_init() Found child 5023 in scoreboard slot 7
1133740381 [error] mod_jk child workerEnv in error state 7
1133740404 [notice] workerEnv.init() ok /etc/httpd/conf/workers2.properties
1133740442 [notice] jk2_init() Found child 5030 in scoreboard slot 6
1133740488 [notice] jk2_init() Found child 5032 in scoreboard slot 9
1133740488 [notice] jk2_init() Found child 5033 in scoreboard slot 8
1133740500 [notice] jk2_init() Found child 5034 in scoreboard slot 6
1133740500 [notice] jk2_init() Found child 5035 in scoreboard slot 7
1133740507 [notice] workerEnv.init() ok /etc/httpd/conf/workers2.properties
1133740507 [notice] workerEnv.init() ok /etc/httpd/conf/workers2.properties
1133740507 [notice] workerEnv.init() ok /etc/httpd/conf/workers2.properties
1133740508 [error] mod_jk child workerEnv in error state 7
1133740508 [error] mod_jk child workerEnv in error state 7
1133740513 [notice] jk2_init() Found child 5036 in scoreboard slot 9
1133740621 [notice] jk2_init() Found child 5048 in scoreboard slot 6
1133740621 [notice] jk2_init() Found child 5050 in scoreboard slot 8
1133740622 [error] jk2_init() Can't find child 5054 in scoreboard
1133740622 [error] mod_jk child init 1 -2
1133740622 [error] mod_jk child init 1 -2
1133740622 [error] mod_jk child workerEnv in error state 6
1133740622 [error] mod_jk child workerEnv in error state 6
1133740622 [error] mod_jk child workerEnv in error state 6
1133740622 [notice] jk2_init() Found child 5051 in scoreboard slot 9
1133740622 [notice] workerEnv.init() ok /etc/httpd/conf/workers2.properties
1133740622 [notice] workerEnv.init() ok /etc/httpd/conf/workers2.properties
1133740622 [notice] workerEnv.init() ok /etc/httpd/conf/workers2.properties
1133740622 [notice] workerEnv.init() ok /etc/httpd/conf/workers2.properties
1133740622 [notice] workerEnv.init() ok /etc/httpd/conf/workers2.properties
1133740622 [notice] workerEnv.init() ok /etc/httpd/conf/workers2.properties
1133744988 [error] [client 207.12.15.211] Directory index forbidden by rule: /var/www/html/
1133746573 [notice] jk2_init() Found child 5271 in scoreboard slot 7
1133746574 [notice] workerEnv.init() ok /etc/httpd/conf/workers2.properties
1133746574 [notice] workerEnv.init() ok /etc/httpd/conf/workers2.properties
1133747721 [error] mod_jk child workerEnv in error state 6
1133748633 [error] mod_jk child workerEnv in error state 6
1133748633 [notice] workerEnv.init() ok /etc/httpd/conf/workers2.properties
1133748980 [notice] jk2_init() Found child 5344 in scoreboard slot 7
1133749013 [notice] jk2_init() Found child 5348 in scoreboard slot 7
1133749065 [notice] jk2_init() Found child 5350 in scoreboard slot 9
1133749069 [notice] jk2_init() Found child 5352 in scoreboard slot 7
1133749070 [notice] jk2_init() Found child 5351 in scoreboard slot 6
1133749071 [error] mod_jk child workerEnv in error state 6
1133749071 [error] mod_jk child workerEnv in error state 7
1133749071 [error] mod_jk child workerEnv in error state 7
1133749071 [notice] workerEnv.init() ok /etc/httpd/conf/workers2.properties
1133749265 [notice] jk2_init() Found child 5366 in scoreboard slot 9
1133749265 [notice] jk2_init() Found child 5367 in scoreboard slot 6
1133749273 [error] mod_jk child workerEnv in error state 6
1133749273 [error] mod_jk child workerEnv in error state 6
1133749273 [notice] workerEnv.init() ok /etc/httpd/conf/workers2.properties
1133749273 [notice] workerEnv.init() ok /etc/httpd/conf/workers2.properties
1133749585 [notice] jk2_init() Found child 5386 in scoreboard slot 9
1133749585 [notice] jk2_init() Found child 5387 in scoreboard slot 6
1133749586 [notice] jk2_init() Found child 5385 in scoreboard slot 8
1133749591 [error] mod_jk child workerEnv in error state 6
1133749591 [error] mod_jk child workerEnv in error state 6
1133749591 [error] mod_jk child workerEnv in error state 6
1133749591 [notice] workerEnv.init() ok /etc/httpd/conf/workers2.properties
1133749591 [notice] workerEnv.init() ok /etc/httpd/conf/workers2.properties
1133749591 [notice] workerEnv.init() ok /etc/httpd/conf/workers2.properties
1133749596 [error] mod_jk child workerEnv in error state 6
1133749596 [notice] jk2_init() Found child 5388 in scoreboard slot 10
1133749596 [notice] workerEnv.init() ok /etc/httpd/conf/workers2.properties
1133749599 [error] [client 141.153.150.164] Directory index forbidden by rule: /var/www/html/
1133749900 [notice] jk2_init() Found child 5404 in scoreboard slot 8
1133750021 [notice] jk2_init() Found child 5416 in scoreboard slot 8
1133750021 [notice] jk2_init() Found child 5417 in scoreboard slot 9
1133750021 [notice] jk2_init() Found child 5418 in scoreboard slot 6
1133750021 [notice] jk2_init() Found child 5419 in scoreboard slot 7
1133750024 [error] mod_jk child workerEnv in error state 6
1133750024 [error] mod_jk child workerEnv in error state 6
1133750024 [error] mod_jk child workerEnv in error state 7
1133750024 [error] mod_jk child workerEnv in error state 7
1133750024 [notice] workerEnv.init() ok /etc/httpd/conf/workers2.properties
1133750024 [notice] workerEnv.init() ok /etc/httpd/conf/workers2.properties
1133750024 [notice] workerEnv.init() ok /etc/httpd/conf/workers2.properties
1133750024 [notice] workerEnv.init() ok /etc/httpd/conf/workers2.properties
1133750170 [notice] jk2_init() Found child 5426 in scoreboard slot 6
1133750218 [notice] jk2_init() Found child 5428 in scoreboard slot 8
1133750247 [notice] jk2_init() Found child 5430 in scoreboard slot 6
1133750280 [notice] jk2_init() Found child 5435 in scoreboard slot 7
1133750284 [error] mod_jk child workerEnv in error state 7
1133750284 [error] mod_jk child workerEnv in error state 7
1133750284 [notice] workerEnv.init() ok /etc/httpd/conf/workers2.properties
1133750284 [notice] workerEnv.init() ok /etc/httpd/conf/workers2.properties
1133750284 [notice] workerEnv.init() ok /etc/httpd/conf/workers2.properties
1133750284 [notice] workerEnv.init() ok /etc/httpd/conf/workers2.properties
1133750474 [notice] jk2_init() Found child 5469 in scoreboard slot 8
1133750474 [notice] jk2_init() Found child 5470 in scoreboard slot 9
1133750543 [notice] jk2_init() Found child 5474 in scoreboard slot 9
1133750543 [notice] jk2_init() Found child 5475 in scoreboard slot 6
1133750599 [notice] jk2_init() Found child 5479 in scoreboard slot 6
1133750599 [notice] jk2_init() Found child 5480 in scoreboard slot 7
1133750599 [notice] jk2_init() Found child 5481 in scoreboard slot 8
1133750614 [notice] workerEnv.init() ok /etc/httpd/conf/workers2.properties
1133750621 [error] mod_jk child workerEnv in error state 7
1133750621 [notice] workerEnv.init() ok /etc/httpd/conf/workers2.properties
1133750628 [notice] jk2_init() Found child 5483 in scoreboard slot 6
1133750628 [notice] jk2_init() Found child 5484 in scoreboard slot 7
1133750631 [notice] workerEnv.init() ok /etc/httpd/conf/workers2.properties
1133750631 [notice] workerEnv.init() ok /etc/httpd/conf/workers2.properties
1133750815 [notice] jk2_init() Found child 5495 in scoreboard slot 9
1133750815 [notice] jk2_init() Found child 5497 in scoreboard slot 7
1133750832 [notice] workerEnv.init() ok /etc/httpd/conf/workers2.properties
1133750837 [error] mod_jk child workerEnv in error state 6
1133750852 [notice] jk2_init() Found child 5499 in scoreboard slot 9
1133750864 [notice] workerEnv.init() ok /etc/httpd/conf/workers2.properties
1133750865 [error] mod_jk child workerEnv in error state 7
1133750865 [error] mod_jk child workerEnv in error state 7
1133750867 [error] mod_jk child workerEnv in error state 6
1133750867 [notice] jk2_init() Found child 5500 in scoreboard slot 6
1133750923 [notice] jk2_init() Found child 5503 in scoreboard slot 10
1133750926 [error] mod_jk child workerEnv in error state 6
1133751093 [notice] workerEnv.init() ok /etc/httpd/conf/workers2.properties
1133751119 [notice] jk2_init() Found child 5517 in scoreboard slot 6
1133751135 [notice] workerEnv.init() ok /etc/httpd/conf/workers2.properties
1133751135 [notice] workerEnv.init() ok /etc/httpd/conf/workers2.properties
1133751141 [error] mod_jk child workerEnv in error state 6
1133751222 [notice] jk2_init() Found child 5527 in scoreboard slot 7
1133751347 [notice] jk2_init() Found child 5538 in scoreboard slot 9
1133751565 [notice] jk2_init() Found child 5562 in scoreboard slot 6
1133751565 [notice] jk2_init() Found child 5563 in scoreboard slot 7
1133751565 [notice] jk2_init() Found child 5564 in scoreboard slot 8
1133751565 [notice] jk2_init() Found child 5565 in scoreboard slot 9
1133751565 [notice] jk2_init() Found child 5566 in scoreboard slot 10
1133751565 [notice] jk2_init() Found child 5568 in scoreboard slot 13
1133751569 [error] mod_jk child workerEnv in error state 6
1133751569 [error] mod_jk child workerEnv in error state 6
1133751569 [error] mod_jk child workerEnv in error state 6
1133751569 [error] mod_jk child workerEnv in error state 7
1133751569 [error] mod_jk child workerEnv in error state 8
1133751569 [notice] workerEnv.init() ok /etc/httpd/conf/workers2.properties
1133751569 [notice] workerEnv.init() ok /etc/httpd/conf/workers2.properties
1133751569 [notice] workerEnv.init() ok /etc/httpd/conf/workers2.properties
1133751725 [notice] jk2_init() Found child 5579 in scoreboard slot 6
1133751856 [notice] jk2_init() Found child 5592 in scoreboard slot 8
1133751856 [notice] jk2_init() Found child 5593 in scoreboard slot 9
1133752010 [notice] jk2_init() Found child 5616 in scoreboard slot 6
1133752011 [error] mod_jk child workerEnv in error state 6
1133752011 [notice] jk2_init() Found child 5617 in scoreboard slot 7
1133752011 [notice] jk2_init() Found child 5618 in scoreboard slot 8
1133752011 [notice] workerEnv.init() ok /etc/httpd/conf/workers2.properties
1133752011 [notice] workerEnv.init() ok /etc/httpd/conf/workers2.properties
1133752012 [error] jk2_init() Can't find child 5619 in scoreboard
1133752012 [error] jk2_init() Can't find child 5620 in scoreboard
1133752012 [error] jk2_init() Can't find child 5622 in scoreboard
1133752012 [error] mod_jk child init 1 -2
1133752012 [error] mod_jk child init 1 -2
1133752012 [error] mod_jk child init 1 -2
1133752012 [notice] workerEnv.init() ok /etc/httpd/conf/workers2.properties
1133752012 [notice] workerEnv.init() ok /etc/httpd/conf/workers2.properties
1133752012 [notice] workerEnv.init() ok /etc/httpd/conf/workers2.properties
1133757357 [notice] jk2_init() Found child 5785 in scoreboard slot 6
1133757357 [notice] jk2_init() Found child 5786 in scoreboard slot 7
1133757396 [notice] jk2_init() Found child 5787 in scoreboard slot 8
1133757396 [notice] jk2_init() Found child 5788 in scoreboard slot 9
1133757396 [notice] jk2_init() Found child 5790 in scoreboard slot 7
1133757399 [error] mod_jk child workerEnv in error state 6
1133757399 [error] mod_jk child workerEnv in error state 6
1133757399 [error] mod_jk child workerEnv in error state 7
1133757399 [notice] workerEnv.init() ok /etc/httpd/conf/workers2.properties
1133757399 [notice] workerEnv.init() ok /etc/httpd/conf/workers2.properties
1133757637 [notice] jk2_init() Found child 5798 in scoreboard slot 8
1133757638 [error] mod_jk child workerEnv in error state 6
1133758242 [notice] jk2_init() Found child 5810 in scoreboard slot 9
1133758242 [notice] jk2_init() Found child 5811 in scoreboard slot 6
1133758243 [error] mod_jk child workerEnv in error state 6
1133758243 [notice] workerEnv.init() ok /etc/httpd/conf/workers2.properties
1133758548 [notice] jk2_init() Found child 5816 in scoreboard slot 7
1133758548 [notice] jk2_init() Found child 5817 in scoreboard slot 8
1133758549 [error] mod_jk child workerEnv in error state 6
1133758549 [notice] workerEnv.init() ok /etc/httpd/conf/workers2.properties
1133758833 [notice] jk2_init() Found child 5825 in scoreboard slot 9
1133758834 [error] mod_jk child workerEnv in error state 6
1133759124 [error] mod_jk child workerEnv in error state 6
1133759124 [notice] jk2_init() Found child 5845 in scoreboard slot 7
1133759124 [notice] workerEnv.init() ok /etc/httpd/conf/workers2.properties
1133759455 [notice] jk2_init() Found child 5856 in scoreboard slot 8
1133759459 [error] mod_jk child workerEnv in error state 6
1133759459 [notice] workerEnv.init() ok /etc/httpd/conf/workers2.properties
1133759787 [notice] jk2_init() Found child 5875 in scoreboard slot 7
1133759787 [notice] jk2_init() Found child 5876 in scoreboard slot 8
1133759787 [notice] jk2_init() Found child 5878 in scoreboard slot 6
1133759789 [error] mod_jk child workerEnv in error state 6
1133759789 [error] mod_jk child workerEnv in error state 6
1133759789 [notice] workerEnv.init() ok /etc/httpd/conf/workers2.properties
1133759789 [notice] workerEnv.init() ok /etc/httpd/conf/workers2.properties
1133759789 [notice] workerEnv.init() ok /etc/httpd/conf/workers2.properties
1133759789 [notice] workerEnv.init() ok /etc/httpd/conf/workers2.properties
1133760095 [notice] jk2_init() Found child 5893 in scoreboard slot 9
1133760165 [notice] jk2_init() Found child 5898 in scoreboard slot 6
1133760165 [notice] jk2_init() Found child 5900 in scoreboard slot 8
1133760165 [notice] jk2_init() Found child 5901 in scoreboard slot 9
1133760168 [error] mod_jk child workerEnv in error state 6
1133760168 [error] mod_jk child workerEnv in error state 7
1133760168 [error] mod_jk child workerEnv in error state 7
1133760168 [notice] workerEnv.init() ok /etc/httpd/conf/workers2.properties
1133760168 [notice] workerEnv.init() ok /etc/httpd/conf/workers2.properties
1133760168 [notice] workerEnv.init() ok /etc/httpd/conf/workers2.properties
1133760363 [notice] jk2_init() Found child 5912 in scoreboard slot 7
1133760397 [notice] jk2_init() Found child 5914 in scoreboard slot 9
1133760397 [notice] jk2_init() Found child 5915 in scoreboard slot 6
1133760434 [notice] jk2_init() Found child 5916 in scoreboard slot 7
1133760435 [notice] jk2_init() Found child 5919 in scoreboard slot 6
1133760494 [notice] jk2_init() Found child 5922 in scoreboard slot 9
1133760494 [notice] jk2_init() Found child 5923 in scoreboard slot 6
1133760494 [notice] jk2_init() Found child 5925 in scoreboard slot 8
1133760497 [error] mod_jk child workerEnv in error state 7
1133760497 [error] mod_jk child workerEnv in error state 8
1133760497 [error] mod_jk child workerEnv in error state 8
1133760497 [error] mod_jk child workerEnv in error state 8
1133760497 [notice] workerEnv.init() ok /etc/httpd/conf/workers2.properties
1133760497 [notice] workerEnv.init() ok /etc/httpd/conf/workers2.properties
1133760497 [notice] workerEnv.init() ok /etc/httpd/conf/workers2.properties
1133760679 [notice] jk2_init() Found child 5935 in scoreboard slot 9
1133760713 [notice] jk2_init() Found child 5938 in scoreboard slot 8
1133760721 [notice] jk2_init() Found child 5939 in scoreboard slot 9
1133760724 [error] mod_jk child workerEnv in error state 6
1133760724 [notice] workerEnv.init() ok /etc/httpd/conf/workers2.properties
1133760729 [notice] workerEnv.init() ok /etc/httpd/conf/workers2.properties
1133760729 [notice] workerEnv.init() ok /etc/httpd/conf/workers2.properties
1133760730 [error] mod_jk child workerEnv in error state 7
1133760730 [error] mod_jk child workerEnv in error state 7
1133760748 [notice] jk2_init() Found child 5941 in scoreboard slot 7
1133760748 [notice] jk2_init() Found child 5942 in scoreboard slot 8
1133760750 [error] mod_jk child workerEnv in error state 6
1133760750 [error] mod_jk child workerEnv in error state 6
1133760750 [notice] workerEnv.init() ok /etc/httpd/conf/workers2.properties
1133760987 [notice] jk2_init() Found child 5953 in scoreboard slot 6
1133760987 [notice] jk2_init() Found child 5954 in scoreboard slot 7
1133761018 [notice] jk2_init() Found child 5956 in scoreboard slot 9
1133761067 [notice] jk2_init() Found child 5960 in scoreboard slot 9
1133761067 [notice] jk2_init() Found child 5961 in scoreboard slot 6
1133761132 [notice] jk2_init() Found child 5966 in scoreboard slot 7
1133761132 [notice] jk2_init() Found child 5968 in scoreboard slot 9
1133761154 [error] mod_jk child workerEnv in error state 6
1133761176 [notice] jk2_init() Found child 5970 in scoreboard slot 6
1133761176 [notice] jk2_init() Found child 5971 in scoreboard slot 7
1133761181 [error] mod_jk child workerEnv in error state 9
1133761181 [notice] jk2_init() Found child 5972 in scoreboard slot 8
1133761181 [notice] workerEnv.init() ok /etc/httpd/conf/workers2.properties
1133761181 [notice] workerEnv.init() ok /etc/httpd/conf/workers2.properties
1133761181 [notice] workerEnv.init() ok /etc/httpd/conf/workers2.properties
1133761271 [notice] jk2_init() Found child 5981 in scoreboard slot 9
1133761272 [notice] jk2_init() Found child 5982 in scoreboard slot 6
1133761318 [notice] jk2_init() Found child 5985 in scoreboard slot 9
1133761407 [notice] jk2_init() Found child 5991 in scoreboard slot 7
1133761407 [notice] jk2_init() Found child 5993 in scoreboard slot 9
1133761423 [notice] workerEnv.init() ok /etc/httpd/conf/workers2.properties
1133761424 [notice] workerEnv.init() ok /etc/httpd/conf/workers2.properties
1133761426 [error] mod_jk child workerEnv in error state 7
1133761426 [error] mod_jk child workerEnv in error state 8
1133761458 [notice] jk2_init() Found child 5996 in scoreboard slot 8
1133761475 [notice] workerEnv.init() ok /etc/httpd/conf/workers2.properties
1133761478 [error] mod_jk child workerEnv in error state 6
1133761501 [notice] jk2_init() Found child 5998 in scoreboard slot 6
1133761501 [notice] jk2_init() Found child 5999 in scoreboard slot 7
1133761508 [error] mod_jk child workerEnv in error state 6
1133761508 [error] mod_jk child workerEnv in error state 8
1133761508 [notice] workerEnv.init() ok /etc/httpd/conf/workers2.properties
1133761508 [notice] workerEnv.init() ok /etc/httpd/conf/workers2.properties
1133761508 [notice] workerEnv.init() ok /etc/httpd/conf/workers2.properties
1133761580 [notice] jk2_init() Found child 6005 in scoreboard slot 9
1133761580 [notice] jk2_init() Found child 6006 in scoreboard slot 6
1133761610 [notice] workerEnv.init() ok /etc/httpd/conf/workers2.properties
1133761626 [notice] jk2_init() Found child 6008 in scoreboard slot 8
1133761629 [notice] jk2_init() Found child 6011 in scoreboard slot 7
1133761631 [error] mod_jk child workerEnv in error state 6
1133761631 [error] mod_jk child workerEnv in error state 7
1133761631 [notice] workerEnv.init() ok /etc/httpd/conf/workers2.properties
1133761631 [notice] workerEnv.init() ok /etc/httpd/conf/workers2.properties
1133761877 [notice] jk2_init() Found child 6028 in scoreboard slot 9
1133761939 [notice] jk2_init() Found child 6034 in scoreboard slot 7
1133761953 [notice] workerEnv.init() ok /etc/httpd/conf/workers2.properties
1133761956 [error] mod_jk child workerEnv in error state 6
1133761980 [notice] jk2_init() Found child 6037 in scoreboard slot 6
1133761980 [notice] jk2_init() Found child 6038 in scoreboard slot 7
1133762011 [notice] jk2_init() Found child 6041 in scoreboard slot 6
1133762011 [notice] jk2_init() Found child 6042 in scoreboard slot 7
1133762015 [error] mod_jk child workerEnv in error state 6
1133762015 [error] mod_jk child workerEnv in error state 8
1133762015 [error] mod_jk child workerEnv in error state 8
1133762015 [notice] workerEnv.init() ok /etc/httpd/conf/workers2.properties
1133762015 [notice] workerEnv.init() ok /etc/httpd/conf/workers2.properties
1133762015 [notice] workerEnv.init() ok /etc/httpd/conf/workers2.properties
1133762181 [notice] jk2_init() Found child 6052 in scoreboard slot 6
1133762198 [notice] jk2_init() Found child 6053 in scoreboard slot 7
1133762227 [notice] jk2_init() Found child 6055 in scoreboard slot 8
1133762383 [notice] jk2_init() Found child 6069 in scoreboard slot 7
1133762383 [notice] jk2_init() Found child 6070 in scoreboard slot 9
1133762383 [notice] jk2_init() Found child 6071 in scoreboard slot 8
1133762507 [notice] jk2_init() Found child 6099 in scoreboard slot 6
1133762507 [notice] jk2_init() Found child 6100 in scoreboard slot 7
1133762507 [notice] jk2_init() Found child 6101 in scoreboard slot 8
1133762508 [error] mod_jk child workerEnv in error state 7
1133762508 [error] mod_jk child workerEnv in error state 8
1133762508 [notice] workerEnv.init() ok /etc/httpd/conf/workers2.properties
1133762508 [notice] workerEnv.init() ok /etc/httpd/conf/workers2.properties
1133762508 [notice] workerEnv.init() ok /etc/httpd/conf/workers2.properties
1133763100 [notice] jk2_init() Found child 6115 in scoreboard slot 10
1133763103 [error] [client 141.154.18.244] Directory index forbidden by rule: /var/www/html/
1133763105 [error] mod_jk child workerEnv in error state 7
1133763105 [notice] workerEnv.init() ok /etc/httpd/conf/workers2.properties
