1133735727 [error] mod_jk child workerEnv in error state 6
1133735727 [notice] workerEnv.init() ok /etc/httpd/conf/workers2.properties
1133735818 [error] mod_jk child workerEnv in error state 6
1133735818 [notice] jk2_init() Found child 4821 in scoreboard slot 10
1133738160 [notice] jk2_init() Found child 4892 in scoreboard slot 6
1133738160 [notice] jk2_init() Found child 4893 in scoreboard slot 7
1133738163 [error] mod_jk child workerEnv in error state 6
1133738163 [notice] workerEnv.init() ok /etc/httpd/conf/workers2.properties
1133738163 [notice] workerEnv.init() ok /etc/httpd/conf/workers2.properties
1133738462 [notice] jk2_init() Found child 4905 in scoreboard slot 8
1133738469 [error] mod_jk child workerEnv in error state 6
1133738469 [error] mod_jk child workerEnv in error state 6
1133738469 [error] mod_jk child workerEnv in error state 6
1133738469 [notice] workerEnv.init() ok /etc/httpd/conf/workers2.properties
1133738469 [notice] workerEnv.init() ok /etc/httpd/conf/workers2.properties
1133738755 [notice] jk2_init() Found child 4915 in scoreboard slot 7
1133738759 [notice] workerEnv.init() ok /etc/httpd/conf/workers2.properties
1133738759 [notice] workerEnv.init() ok /etc/httpd/conf/workers2.properties
1133738760 [error] mod_jk child workerEnv in error state 6
1133739082 [notice] jk2_init() Found child 4932 in scoreboard slot 6
1133739123 [notice] jk2_init() Found child 4935 in scoreboard slot 9
1133739123 [notice] jk2_init() Found child 4936 in scoreboard slot 6
1133739123 [notice] jk2_init() Found child 4938 in scoreboard slot 8
1133739126 [notice] workerEnv.init() ok /etc/httpd/conf/workers2.properties
1133739126 [notice] workerEnv.init() ok /etc/httpd/conf/workers2.properties
1133739126 [notice] workerEnv.init() ok /etc/httpd/conf/workers2.properties
1133739126 [notice] workerEnv.init() ok /etc/httpd/conf/workers2.properties
1133739379 [notice] jk2_init() Found child 4950 in scoreboard slot 7
1133739467 [notice] jk2_init() Found child 4961 in scoreboard slot 6
1133739468 [notice] jk2_init() Found child 4962 in scoreboard slot 7
1133739478 [error] mod_jk child workerEnv in error state 6
1133739478 [error] mod_jk child workerEnv in error state 6
1133739478 [error] mod_jk child workerEnv in error state 6
1133739478 [notice] workerEnv.init() ok /etc/httpd/conf/workers2.properties
1133739478 [notice] workerEnv.init() ok /etc/httpd/conf/workers2.properties
1133739695 [notice] jk2_init() Found child 4975 in scoreboard slot 6
1133739787 [notice] jk2_init() Found child 4983 in scoreboard slot 6
1133739787 [notice] jk2_init() Found child 4984 in scoreboard slot 7
1133739788 [notice] jk2_init() Found child 4985 in scoreboard slot 10
1133739795 [notice] workerEnv.init() ok /etc/httpd/conf/workers2.properties
1133739795 [notice] workerEnv.init() ok /etc/httpd/conf/workers2.properties
1133739796 [error] mod_jk child workerEnv in error state 6
1133739796 [error] mod_jk child workerEnv in error state 7
1133739796 [error] mod_jk child workerEnv in error state 7
1133739799 [error] mod_jk child workerEnv in error state 7
1133739799 [notice] jk2_init() Found child 4986 in scoreboard slot 8
1133739799 [notice] workerEnv.init() ok /etc/httpd/conf/workers2.properties
1133739961 [notice] jk2_init() Found child 4991 in scoreboard slot 6
1133739961 [notice] jk2_init() Found child 4992 in scoreboard slot 7
1133740006 [notice] jk2_init() Found child 4995 in scoreboard slot 6
1133740006 [notice] jk2_init() Found child 4996 in scoreboard slot 7
1133740041 [notice] jk2_init() Found child 5001 in scoreboard slot 9
1133740041 [notice] workerEnv.init() ok /etc/httpd/conf/workers2.properties
1133740041 [notice] workerEnv.init() ok /etc/httpd/conf/workers2.properties
1133740056 [notice] workerEnv.init() ok /etc/httpd/conf/workers2.properties
1133740060 [error] mod_jk child workerEnv in error state 7
1133740060 [error] mod_jk child workerEnv in error state 8
1133740084 [notice] jk2_init() Found child 5002 in scoreboard slot 8
1133740084 [notice] jk2_init() Found child 5003 in scoreboard slot 6
1133740126 [notice] jk2_init() Found child 5005 in scoreboard slot 9
1133740126 [notice] jk2_init() Found child 5006 in scoreboard slot 8
1133740135 [error] mod_jk child workerEnv in error state 6
1133740135 [notice] workerEnv.init() ok /etc/httpd/conf/workers2.properties
1133740135 [notice] workerEnv.init() ok /etc/httpd/conf/workers2.properties
1133740136 [error] mod_jk child workerEnv in error state 6
1133740136 [error] mod_jk child workerEnv in error state 7
1133740136 [notice] jk2_init() Found child 5007 in scoreboard slot 6
1133740136 [notice] workerEnv.init() ok /etc/httpd/conf/workers2.properties
1133740136 [notice] workerEnv.init() ok /etc/httpd/conf/workers2.properties
1133740254 [notice] jk2_init() Found child 5017 in scoreboard slot 8
1133740299 [notice] jk2_init() Found child 5019 in scoreboard slot 7
1133740299 [notice] jk2_init() Found child 5020 in scoreboard slot 9
1133740316 [notice] workerEnv.init() ok /etc/httpd/conf/workers2.properties
1133740322 [error] mod_jk child workerEnv in error state 7
1133740349 [notice] jk2_init() Found child 5022 in scoreboard slot 6
1133740376 [notice] jk2_init() Found child 5023 in scoreboard slot 7
1133740381 [error] mod_jk child workerEnv in error state 7
1133740404 [notice] workerEnv.init() ok /etc/httpd/conf/workers2.properties
1133740442 [notice] jk2_init() Found child 5030 in scoreboard slot 6
1133740488 [notice] jk2_init() Found child 5032 in scoreboard slot 9
1133740488 [notice] jk2_init() Found child 5033 in scoreboard slot 8
1133740500 [notice] jk2_init() Found child 5034 in scoreboard slot 6
1133740500 [notice] jk2_init() Found child 5035 in scoreboard slot 7
1133740507 [notice] workerEnv.init() ok /etc/httpd/conf/workers2.properties
1133740507 [notice] workerEnv.init() ok /etc/httpd/conf/workers2.properties
1133740507 [notice] workerEnv.init() ok /etc/httpd/conf/workers2.properties
1133740508 [error] mod_jk child workerEnv in error state 7
1133740508 [error] mod_jk child workerEnv in error state 7
1133740513 [notice] jk2_init() Found child 5036 in scoreboard slot 9
1133740621 [notice] jk2_init() Found child 5048 in scoreboard slot 6
1133740621 [notice] jk2_init() Found child 5050 in scoreboard slot 8
1133740622 [error] jk2_init() Can't find child 5054 in scoreboard
1133740622 [error] mod_jk child init 1 -2
1133740622 [error] mod_jk child init 1 -2
1133740622 [error] mod_jk child workerEnv in error state 6
1133740622 [error] mod_jk child workerEnv in error state 6
1133740622 [error] mod_jk child workerEnv in error state 6
1133740622 [notice] jk2_init() Found child 5051 in scoreboard slot 9
1133740622 [notice] workerEnv.init() ok /etc/httpd/conf/workers2.properties
1133740622 [notice] workerEnv.init() ok /etc/httpd/conf/workers2.properties
1133740622 [notice] workerEnv.init() ok /etc/httpd/conf/workers2.properties
1133740622 [notice] workerEnv.init() ok /etc/httpd/conf/workers2.properties
1133740622 [notice] workerEnv.init() ok /etc/httpd/conf/workers2.properties
1133740622 [notice] workerEnv.init() ok /etc/httpd/conf/workers2.properties
1133744988 [error] [client 207.12.15.211] Directory index forbidden by rule: /var/www/html/
1133746573 [notice] jk2_init() Found child 5271 in scoreboard slot 7
1133746574 [notice] workerEnv.init() ok /etc/httpd/conf/workers2.properties
1133746574 [notice] workerEnv.init() ok /etc/httpd/conf/workers2.properties
1133747721 [error] mod_jk child workerEnv in error state 6
1133748633 [error] mod_jk child workerEnv in error state 6
1133748633 [notice] workerEnv.init() ok /etc/httpd/conf/workers2.properties
1133748980 [notice] jk2_init() Found child 5344 in scoreboard slot 7
1133749013 [notice] jk2_init() Found child 5348 in scoreboard slot 7
1133749065 [notice] jk2_init() Found child 5350 in scoreboard slot 9
1133749069 [notice] jk2_init() Found child 5352 in scoreboard slot 7
1133749070 [notice] jk2_init() Found child 5351 in scoreboard slot 6
1133749071 [error] mod_jk child workerEnv in error state 6
1133749071 [error] mod_jk child workerEnv in error state 7
1133749071 [error] mod_jk child workerEnv in error state 7
1133749071 [notice] workerEnv.init() ok /etc/httpd/conf/workers2.properties
1133749265 [notice] jk2_init() Found child 5366 in scoreboard slot 9
1133749265 [notice] jk2_init() Found child 5367 in scoreboard slot 6
1133749273 [error] mod_jk child workerEnv in error state 6
1133749273 [error] mod_jk child workerEnv in error state 6
1133749273 [notice] workerEnv.init() ok /etc/httpd/conf/workers2.properties
1133749273 [notice] workerEnv.init() ok /etc/httpd/conf/workers2.properties
1133749585 [notice] jk2_init() Found child 5386 in scoreboard slot 9
1133749585 [notice] jk2_init() Found child 5387 in scoreboard slot 6
1133749586 [notice] jk2_init() Found child 5385 in scoreboard slot 8
1133749591 [error] mod_jk child workerEnv in error state 6
1133749591 [error] mod_jk child workerEnv in error state 6
1133749591 [error] mod_jk child workerEnv in error state 6
1133749591 [notice] workerEnv.init() ok /etc/httpd/conf/workers2.properties
1133749591 [notice] workerEnv.init() ok /etc/httpd/conf/workers2.properties
1133749591 [notice] workerEnv.init() ok /etc/httpd/conf/workers2.properties
1133749596 [error] mod_jk child workerEnv in error state 6
1133749596 [notice] jk2_init() Found child 5388 in scoreboard slot 10
1133749596 [notice] workerEnv.init() ok /etc/httpd/conf/workers2.properties
1133749599 [error] [client 141.153.150.164] Directory index forbidden by rule: /var/www/html/
1133749900 [notice] jk2_init() Found child 5404 in scoreboard slot 8
1133750021 [notice] jk2_init() Found child 5416 in scoreboard slot 8
1133750021 [notice] jk2_init() Found child 5417 in scoreboard slot 9
1133750021 [notice] jk2_init() Found child 5418 in scoreboard slot 6
1133750021 [notice] jk2_init() Found child 5419 in scoreboard slot 7
1133750024 [error] mod_jk child workerEnv in error state 6
1133750024 [error] mod_jk child workerEnv in error state 6
1133750024 [error] mod_jk child workerEnv in error state 7
1133750024 [error] mod_jk child workerEnv in error state 7
1133750024 [notice] workerEnv.init() ok /etc/httpd/conf/workers2.properties
1133750024 [notice] workerEnv.init() ok /etc/httpd/conf/workers2.properties
1133750024 [notice] workerEnv.init() ok /etc/httpd/conf/workers2.properties
1133750024 [notice] workerEnv.init() ok /etc/httpd/conf/workers2.properties
1133750170 [notice] jk2_init() Found child 5426 in scoreboard slot 6
1133750218 [notice] jk2_init() Found child 5428 in scoreboard slot 8
1133750247 [notice] jk2_init() Found child 5430 in scoreboard slot 6
1133750280 [notice] jk2_init() Found child 5435 in scoreboard slot 7
1133750284 [error] mod_jk child workerEnv in error state 7
1133750284 [error] mod_jk child workerEnv in error state 7
1133750284 [notice] workerEnv.init() ok /etc/httpd/conf/workers2.properties
1133750284 [notice] workerEnv.init() ok /etc/httpd/conf/workers2.properties
1133750284 [notice] workerEnv.init() ok /etc/httpd/conf/workers2.properties
1133750284 [notice] workerEnv.init() ok /etc/httpd/conf/workers2.properties
1133750474 [notice] jk2_init() Found child 5469 in scoreboard slot 8
1133750474 [notice] jk2_init() Found child 5470 in scoreboard slot 9
1133750543 [notice] jk2_init() Found child 5474 in scoreboard slot 9
1133750543 [notice] jk2_init() Found child 5475 in scoreboard slot 6
1133750599 [notice] jk2_init() Found child 5479 in scoreboard slot 6
1133750599 [notice] jk2_init() Found child 5480 in scoreboard slot 7
1133750599 [notice] jk2_init() Found child 5481 in scoreboard slot 8
1133750614 [notice] workerEnv.init() ok /etc/httpd/conf/workers2.properties
1133750621 [error] mod_jk child workerEnv in error state 7
1133750621 [notice] workerEnv.init() ok /etc/httpd/conf/workers2.properties
1133750628 [notice] jk2_init() Found child 5483 in scoreboard slot 6
1133750628 [notice] jk2_init() Found child 5484 in scoreboard slot 7
1133750631 [notice] workerEnv.init() ok /etc/httpd/conf/workers2.properties
1133750631 [notice] workerEnv.init() ok /etc/httpd/conf/workers2.properties
1133750815 [notice] jk2_init() Found child 5495 in scoreboard slot 9
1133750815 [notice] jk2_init() Found child 5497 in scoreboard slot 7
1133750832 [notice] workerEnv.init() ok /etc/httpd/conf/workers2.properties
1133750837 [error] mod_jk child workerEnv in error state 6
1133750852 [notice] jk2_init() Found child 5499 in scoreboard slot 9
1133750864 [notice] workerEnv.init() ok /etc/httpd/conf/workers2.properties
1133750865 [error] mod_jk child workerEnv in error state 7
1133750865 [error] mod_jk child workerEnv in error state 7
1133750867 [error] mod_jk child workerEnv in error state 6
1133750867 [notice] jk2_init() Found child 5500 in scoreboard slot 6
1133750923 [notice] jk2_init() Found child 5503 in scoreboard slot 10
1133750926 [error] mod_jk child workerEnv in error state 6
1133751093 [notice] workerEnv.init() ok /etc/httpd/conf/workers2.properties
1133751119 [notice] jk2_init() Found child 5517 in scoreboard slot 6
1133751135 [notice] workerEnv.init() ok /etc/httpd/conf/workers2.properties
1133751135 [notice] workerEnv.init() ok /etc/httpd/conf/workers2.properties
1133751141 [error] mod_jk child workerEnv in error state 6
1133751222 [notice] jk2_init() Found child 5527 in scoreboard slot 7
1133751347 [notice] jk2_init() Found child 5538 in scoreboard slot 9
1133751565 [notice] jk2_init() Found child 5562 in scoreboard slot 6
1133751565 [notice] jk2_init() Found child 5563 in scoreboard slot 7
1133751565 [notice] jk2_init() Found child 5564 in scoreboard slot 8
1133751565 [notice] jk2_init() Found child 5565 in scoreboard slot 9
1133751565 [notice] jk2_init() Found child 5566 in scoreboard slot 10
1133751565 [notice] jk2_init() Found child 5568 in scoreboard slot 13
1133751569 [error] mod_jk child workerEnv in error state 6
1133751569 [error] mod_jk child workerEnv in error state 6
1133751569 [error] mod_jk child workerEnv in error state 6
1133751569 [error] mod_jk child workerEnv in error state 7
1133751569 [error] mod_jk child workerEnv in error state 8
1133751569 [notice] workerEnv.init() ok /etc/httpd/conf/workers2.properties
1133751569 [notice] workerEnv.init() ok /etc/httpd/conf/workers2.properties
1133751569 [notice] workerEnv.init() ok /etc/httpd/conf/workers2.properties
1133751725 [notice] jk2_init() Found child 5579 in scoreboard slot 6
1133751856 [notice] jk2_init() Found child 5592 in scoreboard slot 8
1133751856 [notice] jk2_init() Found child 5593 in scoreboard slot 9
1133752010 [notice] jk2_init() Found child 5616 in scoreboard slot 6
1133752011 [error] mod_jk child workerEnv in error state 6
1133752011 [notice] jk2_init() Found child 5617 in scoreboard slot 7
1133752011 [notice] jk2_init() Found child 5618 in scoreboard slot 8
1133752011 [notice] workerEnv.init() ok /etc/httpd/conf/workers2.properties
1133752011 [notice] workerEnv.init() ok /etc/httpd/conf/workers2.properties
1133752012 [error] jk2_init() Can't find child 5619 in scoreboard
1133752012 [error] jk2_init() Can't find child 5620 in scoreboard
1133752012 [error] jk2_init() Can't find child 5622 in scoreboard
1133752012 [error] mod_jk child init 1 -2
1133752012 [error] mod_jk child init 1 -2
1133752012 [error] mod_jk child init 1 -2
1133752012 [notice] workerEnv.init() ok /etc/httpd/conf/workers2.properties
1133752012 [notice] workerEnv.init() ok /etc/httpd/conf/workers2.properties
1133752012 [notice] workerEnv.init() ok /etc/httpd/conf/workers2.properties
1133757357 [notice] jk2_init() Found child 5785 in scoreboard slot 6
1133757357 [notice] jk2_init() Found child 5786 in scoreboard slot 7
1133757396 [notice] jk2_init() Found child 5787 in scoreboard slot 8
1133757396 [notice] jk2_init() Found child 5788 in scoreboard slot 9
1133757396 [notice] jk2_init() Found child 5790 in scoreboard slot 7
1133757399 [error] mod_jk child workerEnv in error state 6
1133757399 [error] mod_jk child workerEnv in error state 6
1133757399 [error] mod_jk child workerEnv in error state 7
1133757399 [notice] workerEnv.init() ok /etc/httpd/conf/workers2.properties
1133757399 [notice] workerEnv.init() ok /etc/httpd/conf/workers2.properties
1133757637 [notice] jk2_init() Found child 5798 in scoreboard slot 8
1133757638 [error] mod_jk child workerEnv in error state 6
1133758242 [notice] jk2_init() Found child 5810 in scoreboard slot 9
1133758242 [notice] jk2_init() Found child 5811 in scoreboard slot 6
1133758243 [error] mod_jk child workerEnv in error state 6
1133758243 [notice] workerEnv.init() ok /etc/httpd/conf/workers2.properties
1133758548 [notice] jk2_init() Found child 5816 in scoreboard slot 7
1133758548 [notice] jk2_init() Found child 5817 in scoreboard slot 8
1133758549 [error] mod_jk child workerEnv in error state 6
1133758549 [notice] workerEnv.init() ok /etc/httpd/conf/workers2.properties
1133758833 [notice] jk2_init() Found child 5825 in scoreboard slot 9
1133758834 [error] mod_jk child workerEnv in error state 6
1133759124 [error] mod_jk child workerEnv in error state 6
1133759124 [notice] jk2_init() Found child 5845 in scoreboard slot 7
1133759124 [notice] workerEnv.init() ok /etc/httpd/conf/workers2.properties
1133759455 [notice] jk2_init() Found child 5856 in scoreboard slot 8
1133759459 [error] mod_jk child workerEnv in error state 6
1133759459 [notice] workerEnv.init() ok /etc/httpd/conf/workers2.properties
1133759787 [notice] jk2_init() Found child 5875 in scoreboard slot 7
1133759787 [notice] jk2_init() Found child 5876 in scoreboard slot 8
1133759787 [notice] jk2_init() Found child 5878 in scoreboard slot 6
1133759789 [error] mod_jk child workerEnv in error state 6
1133759789 [error] mod_jk child workerEnv in error state 6
1133759789 [notice] workerEnv.init() ok /etc/httpd/conf/workers2.properties
1133759789 [notice] workerEnv.init() ok /etc/httpd/conf/workers2.properties
1133759789 [notice] workerEnv.init() ok /etc/httpd/conf/workers2.properties
1133759789 [notice] workerEnv.init() ok /etc/httpd/conf/workers2.properties
1133760095 [notice] jk2_init() Found child 5893 in scoreboard slot 9
1133760165 [notice] jk2_init() Found child 5898 in scoreboard slot 6
1133760165 [notice] jk2_init() Found child 5900 in scoreboard slot 8
1133760165 [notice] jk2_init() Found child 5901 in scoreboard slot 9
1133760168 [error] mod_jk child workerEnv in error state 6
1133760168 [error] mod_jk child workerEnv in error state 7
1133760168 [error] mod_jk child workerEnv in error state 7
1133760168 [notice] workerEnv.init() ok /etc/httpd/conf/workers2.properties
1133760168 [notice] workerEnv.init() ok /etc/httpd/conf/workers2.properties
1133760168 [notice] workerEnv.init() ok /etc/httpd/conf/workers2.properties
1133760363 [notice] jk2_init() Found child 5912 in scoreboard slot 7
1133760397 [notice] jk2_init() Found child 5914 in scoreboard slot 9
1133760397 [notice] jk2_init() Found child 5915 in scoreboard slot 6
1133760434 [notice] jk2_init() Found child 5916 in scoreboard slot 7
1133760435 [notice] jk2_init() Found child 5919 in scoreboard slot 6
1133760494 [notice] jk2_init() Found child 5922 in scoreboard slot 9
1133760494 [notice] jk2_init() Found child 5923 in scoreboard slot 6
1133760494 [notice] jk2_init() Found child 5925 in scoreboard slot 8
1133760497 [error] mod_jk child workerEnv in error state 7
1133760497 [error] mod_jk child workerEnv in error state 8
1133760497 [error] mod_jk child workerEnv in error state 8
1133760497 [error] mod_jk child workerEnv in error state 8
1133760497 [notice] workerEnv.init() ok /etc/httpd/conf/workers2.properties
1133760497 [notice] workerEnv.init() ok /etc/httpd/conf/workers2.properties
1133760497 [notice] workerEnv.init() ok /etc/httpd/conf/workers2.properties
1133760679 [notice] jk2_init() Found child 5935 in scoreboard slot 9
1133760713 [notice] jk2_init() Found child 5938 in scoreboard slot 8
1133760721 [notice] jk2_init() Found child 5939 in scoreboard slot 9
1133760724 [error] mod_jk child workerEnv in error state 6
1133760724 [notice] workerEnv.init() ok /etc/httpd/conf/workers2.properties
1133760729 [notice] workerEnv.init() ok /etc/httpd/conf/workers2.properties
1133760729 [notice] workerEnv.init() ok /etc/httpd/conf/workers2.properties
1133760730 [error] mod_jk child workerEnv in error state 7
1133760730 [error] mod_jk child workerEnv in error state 7
1133760748 [notice] jk2_init() Found child 5941 in scoreboard slot 7
1133760748 [notice] jk2_init() Found child 5942 in scoreboard slot 8
1133760750 [error] mod_jk child workerEnv in error state 6
1133760750 [error] mod_jk child workerEnv in error state 6
1133760750 [notice] workerEnv.init() ok /etc/httpd/conf/workers2.properties
1133760987 [notice] jk2_init() Found child 5953 in scoreboard slot 6
1133760987 [notice] jk2_init() Found child 5954 in scoreboard slot 7
1133761018 [notice] jk2_init() Found child 5956 in scoreboard slot 9
1133761067 [notice] jk2_init() Found child 5960 in scoreboard slot 9
1133761067 [notice] jk2_init() Found child 5961 in scoreboard slot 6
1133761132 [notice] jk2_init() Found child 5966 in scoreboard slot 7
1133761132 [notice] jk2_init() Found child 5968 in scoreboard slot 9
1133761154 [error] mod_jk child workerEnv in error state 6
1133761176 [notice] jk2_init() Found child 5970 in scoreboard slot 6
1133761176 [notice] jk2_init() Found child 5971 in scoreboard slot 7
1133761181 [error] mod_jk child workerEnv in error state 9
1133761181 [notice] jk2_init() Found child 5972 in scoreboard slot 8
1133761181 [notice] workerEnv.init() ok /etc/httpd/conf/workers2.properties
1133761181 [notice] workerEnv.init() ok /etc/httpd/conf/workers2.properties
1133761181 [notice] workerEnv.init() ok /etc/httpd/conf/workers2.properties
1133761271 [notice] jk2_init() Found child 5981 in scoreboard slot 9
1133761272 [notice] jk2_init() Found child 5982 in scoreboard slot 6
1133761318 [notice] jk2_init() Found child 5985 in scoreboard slot 9
1133761407 [notice] jk2_init() Found child 5991 in scoreboard slot 7
1133761407 [notice] jk2_init() Found child 5993 in scoreboard slot 9
1133761423 [notice] workerEnv.init() ok /etc/httpd/conf/workers2.properties
1133761424 [notice] workerEnv.init() ok /etc/httpd/conf/workers2.properties
1133761426 [error] mod_jk child workerEnv in error state 7
1133761426 [error] mod_jk child workerEnv in error state 8
1133761458 [notice] jk2_init() Found child 5996 in scoreboard slot 8
1133761475 [notice] workerEnv.init() ok /etc/httpd/conf/workers2.properties
1133761478 [error] mod_jk child workerEnv in error state 6
1133761501 [notice] jk2_init() Found child 5998 in scoreboard slot 6
1133761501 [notice] jk2_init() Found child 5999 in scoreboard slot 7
1133761508 [error] mod_jk child workerEnv in error state 6
1133761508 [error] mod_jk child workerEnv in error state 8
1133761508 [notice] workerEnv.init() ok /etc/httpd/conf/workers2.properties
1133761508 [notice] workerEnv.init() ok /etc/httpd/conf/workers2.properties
1133761508 [notice] workerEnv.init() ok /etc/httpd/conf/workers2.properties
1133761580 [notice] jk2_init() Found child 6005 in scoreboard slot 9
1133761580 [notice] jk2_init() Found child 6006 in scoreboard slot 6
1133761610 [notice] workerEnv.init() ok /etc/httpd/conf/workers2.properties
1133761626 [notice] jk2_init() Found child 6008 in scoreboard slot 8
1133761629 [notice] jk2_init() Found child 6011 in scoreboard slot 7
1133761631 [error] mod_jk child workerEnv in error state 6
1133761631 [error] mod_jk child workerEnv in error state 7
1133761631 [notice] workerEnv.init() ok /etc/httpd/conf/workers2.properties
1133761631 [notice] workerEnv.init() ok /etc/httpd/conf/workers2.properties
1133761877 [notice] jk2_init() Found child 6028 in scoreboard slot 9
1133761939 [notice] jk2_init() Found child 6034 in scoreboard slot 7
1133761953 [notice] workerEnv.init() ok /etc/httpd/conf/workers2.properties
1133761956 [error] mod_jk child workerEnv in error state 6
1133761980 [notice] jk2_init() Found child 6037 in scoreboard slot 6
1133761980 [notice] jk2_init() Found child 6038 in scoreboard slot 7
1133762011 [notice] jk2_init() Found child 6041 in scoreboard slot 6
1133762011 [notice] jk2_init() Found child 6042 in scoreboard slot 7
1133762015 [error] mod_jk child workerEnv in error state 6
1133762015 [error] mod_jk child workerEnv in error state 8
1133762015 [error] mod_jk child workerEnv in error state 8
1133762015 [notice] workerEnv.init() ok /etc/httpd/conf/workers2.properties
1133762015 [notice] workerEnv.init() ok /etc/httpd/conf/workers2.properties
1133762015 [notice] workerEnv.init() ok /etc/httpd/conf/workers2.properties
1133762181 [notice] jk2_init() Found child 6052 in scoreboard slot 6
1133762198 [notice] jk2_init() Found child 6053 in scoreboard slot 7
1133762227 [notice] jk2_init() Found child 6055 in scoreboard slot 8
1133762383 [notice] jk2_init() Found child 6069 in scoreboard slot 7
1133762383 [notice] jk2_init() Found child 6070 in scoreboard slot 9
1133762383 [notice] jk2_init() Found child 6071 in scoreboard slot 8
1133762507 [notice] jk2_init() Found child 6099 in scoreboard slot 6
1133762507 [notice] jk2_init() Found child 6100 in scoreboard slot 7
1133762507 [notice] jk2_init() Found child 6101 in scoreboard slot 8
1133762508 [error] mod_jk child workerEnv in error state 7
1133762508 [error] mod_jk child workerEnv in error state 8
1133762508 [notice] workerEnv.init() ok /etc/httpd/conf/workers2.properties
1133762508 [notice] workerEnv.init() ok /etc/httpd/conf/workers2.properties
1133762508 [notice] workerEnv.init() ok /etc/httpd/conf/workers2.properties
1133763100 [notice] jk2_init() Found child 6115 in scoreboard slot 10
1133763103 [error] [client 141.154.18.244] Directory index forbidden by rule: /var/www/html/
1133763105 [error] mod_jk child workerEnv in error state 7
1133763105 [notice] workerEnv.init() ok /etc/httpd/conf/workers2.properties
1133767866 [notice] jk2_init() Found child 6260 in scoreboard slot 7
1133767869 [notice] jk2_init() Found child 6261 in scoreboard slot 8
1133767870 [error] mod_jk child workerEnv in error state 6
1133767870 [error] mod_jk child workerEnv in error state 6
1133767870 [notice] workerEnv.init() ok /etc/httpd/conf/workers2.properties
1133768459 [notice] jk2_init() Found child 6276 in scoreboard slot 6
1133768492 [error] mod_jk child workerEnv in error state 7
1133768492 [error] mod_jk child workerEnv in error state 7
1133768492 [notice] jk2_init() Found child 6278 in scoreboard slot 8
1133768492 [notice] jk2_init() Found child 6279 in scoreboard slot 6
1133768492 [notice] jk2_init() Found child 6280 in scoreboard slot 7
1133768744 [error] mod_jk child workerEnv in error state 6
1133768744 [notice] workerEnv.init() ok /etc/httpd/conf/workers2.properties
1133769053 [notice] jk2_init() Found child 6293 in scoreboard slot 6
1133769078 [notice] jk2_init() Found child 6295 in scoreboard slot 8
1133769078 [notice] jk2_init() Found child 6296 in scoreboard slot 6
1133769078 [notice] jk2_init() Found child 6297 in scoreboard slot 7
1133769080 [error] mod_jk child workerEnv in error state 7
1133769332 [error] mod_jk child workerEnv in error state 6
1133769332 [notice] workerEnv.init() ok /etc/httpd/conf/workers2.properties
1133769720 [notice] jk2_init() Found child 6314 in scoreboard slot 8
1133769720 [notice] jk2_init() Found child 6315 in scoreboard slot 6
1133769722 [error] mod_jk child workerEnv in error state 6
1133769722 [error] mod_jk child workerEnv in error state 7
1133769722 [notice] workerEnv.init() ok /etc/httpd/conf/workers2.properties
1133769981 [notice] jk2_init() Found child 6335 in scoreboard slot 7
1133770028 [notice] jk2_init() Found child 6338 in scoreboard slot 7
1133770028 [notice] jk2_init() Found child 6339 in scoreboard slot 8
1133770029 [error] mod_jk child workerEnv in error state 6
1133770029 [error] mod_jk child workerEnv in error state 7
1133770029 [error] mod_jk child workerEnv in error state 7
1133770029 [notice] workerEnv.init() ok /etc/httpd/conf/workers2.properties
1133770029 [notice] workerEnv.init() ok /etc/httpd/conf/workers2.properties
1133770243 [notice] jk2_init() Found child 6350 in scoreboard slot 7
1133770243 [notice] jk2_init() Found child 6351 in scoreboard slot 8
1133770244 [error] mod_jk child workerEnv in error state 6
1133770244 [notice] workerEnv.init() ok /etc/httpd/conf/workers2.properties
1133770594 [notice] jk2_init() Found child 6366 in scoreboard slot 6
1133770594 [notice] jk2_init() Found child 6367 in scoreboard slot 7
1133770594 [notice] jk2_init() Found child 6368 in scoreboard slot 8
1133770596 [error] mod_jk child workerEnv in error state 6
1133770596 [notice] workerEnv.init() ok /etc/httpd/conf/workers2.properties
1133770885 [notice] jk2_init() Found child 6385 in scoreboard slot 8
1133770885 [notice] jk2_init() Found child 6386 in scoreboard slot 6
1133770885 [notice] jk2_init() Found child 6387 in scoreboard slot 7
1133770889 [error] mod_jk child workerEnv in error state 6
1133770889 [notice] workerEnv.init() ok /etc/httpd/conf/workers2.properties
1133770889 [notice] workerEnv.init() ok /etc/httpd/conf/workers2.properties
1133770889 [notice] workerEnv.init() ok /etc/httpd/conf/workers2.properties
1133771160 [notice] jk2_init() Found child 6398 in scoreboard slot 8
1133771160 [notice] jk2_init() Found child 6400 in scoreboard slot 7
1133771165 [error] mod_jk child workerEnv in error state 6
1133771165 [error] mod_jk child workerEnv in error state 6
1133771165 [error] mod_jk child workerEnv in error state 6
1133771165 [notice] workerEnv.init() ok /etc/httpd/conf/workers2.properties
1133771508 [notice] jk2_init() Found child 6420 in scoreboard slot 6
1133771512 [error] mod_jk child workerEnv in error state 6
1133771512 [error] mod_jk child workerEnv in error state 6
1133771512 [notice] workerEnv.init() ok /etc/httpd/conf/workers2.properties
1133771823 [notice] jk2_init() Found child 6437 in scoreboard slot 7
1133771999 [notice] jk2_init() Found child 6451 in scoreboard slot 7
1133771999 [notice] jk2_init() Found child 6452 in scoreboard slot 8
1133771999 [notice] jk2_init() Found child 6453 in scoreboard slot 10
1133772006 [error] mod_jk child workerEnv in error state 6
1133772006 [error] mod_jk child workerEnv in error state 9
1133772006 [notice] workerEnv.init() ok /etc/httpd/conf/workers2.properties
1133772006 [notice] workerEnv.init() ok /etc/httpd/conf/workers2.properties
1133772006 [notice] workerEnv.init() ok /etc/httpd/conf/workers2.properties
1133775097 [notice] jk2_init() Found child 6561 in scoreboard slot 10
1133775101 [error] mod_jk child workerEnv in error state 6
1133775357 [notice] jk2_init() Found child 6568 in scoreboard slot 7
1133775357 [notice] jk2_init() Found child 6569 in scoreboard slot 8
1133775358 [notice] workerEnv.init() ok /etc/httpd/conf/workers2.properties
1133775638 [notice] jk2_init() Found child 6577 in scoreboard slot 7
1133775638 [notice] jk2_init() Found child 6578 in scoreboard slot 8
1133775639 [notice] workerEnv.init() ok /etc/httpd/conf/workers2.properties
1133775962 [notice] jk2_init() Found child 6586 in scoreboard slot 8
1133775966 [notice] workerEnv.init() ok /etc/httpd/conf/workers2.properties
1133775966 [notice] workerEnv.init() ok /etc/httpd/conf/workers2.properties
1133776240 [notice] jk2_init() Found child 6594 in scoreboard slot 7
1133776241 [error] mod_jk child workerEnv in error state 6
1133776241 [error] mod_jk child workerEnv in error state 6
1133776241 [notice] workerEnv.init() ok /etc/httpd/conf/workers2.properties
1133776535 [error] mod_jk child workerEnv in error state 6
1133776535 [notice] jk2_init() Found child 6601 in scoreboard slot 8
1133776535 [notice] workerEnv.init() ok /etc/httpd/conf/workers2.properties
1133776826 [error] mod_jk child workerEnv in error state 6
1133777456 [notice] jk2_init() Found child 6639 in scoreboard slot 7
1133777458 [error] mod_jk child workerEnv in error state 6
1133777458 [notice] workerEnv.init() ok /etc/httpd/conf/workers2.properties
1133777747 [error] mod_jk child workerEnv in error state 6
1133777747 [error] mod_jk child workerEnv in error state 6
1133778051 [notice] jk2_init() Found child 6669 in scoreboard slot 8
1133778051 [notice] jk2_init() Found child 6670 in scoreboard slot 7
1133778053 [error] mod_jk child workerEnv in error state 6
1133778053 [notice] workerEnv.init() ok /etc/httpd/conf/workers2.properties
1133778053 [notice] workerEnv.init() ok /etc/httpd/conf/workers2.properties
